[Header]
2023-03-26 10:51:00 [cn.ctgu.webgis.WaterCalc.ImportPIDataJob.Quartz.IJob.Execute(C:\software\SZProject\Component\WaterCalc\WaterCalcJob\ImportPIDataJob.cs:176)] ERROR ImportPIData [] <> - 在水位雨量数据导入中捕获到异常#执行时间：2023/3/26 10:51:00
Exception: System.Data.SqlClient.SqlException
Message: 找不到存储过程 'WaterCalc_getOracleRTRUNInfo'。
Source: .Net SqlClient Data Provider
   在 cn.ctgu.webgis.Data.SQLUtils.ExecuteQuery(String datasource, String cmdString, DatabaseParameter[] cmdParams)
   在 cn.ctgu.webgis.Data.SQLUtils.ExecuteQuery(String datasource, String cmdString, Hashtable cmdParams)
   在 cn.ctgu.webgis.WaterCalc.ImportPIDataJob.getNariHydro(DateTime startTime, DateTime endTime, String stcdt, String tp) 位置 C:\software\SZProject\Component\WaterCalc\WaterCalcJob\ImportPIDataJob.cs:行号 201
   在 cn.ctgu.webgis.WaterCalc.ImportPIDataJob.Quartz.IJob.Execute(IJobExecutionContext context) 位置 C:\software\SZProject\Component\WaterCalc\WaterCalcJob\ImportPIDataJob.cs:行号 82

[Header]
2023-03-26 10:56:00 [cn.ctgu.webgis.WaterCalc.ImportPIDataJob.Quartz.IJob.Execute(C:\software\SZProject\Component\WaterCalc\WaterCalcJob\ImportPIDataJob.cs:176)] ERROR ImportPIData [] <> - 在水位雨量数据导入中捕获到异常#执行时间：2023/3/26 10:56:00
Exception: System.Data.SqlClient.SqlException
Message: 找不到存储过程 'WaterCalc_getOracleRTRUNInfo'。
Source: .Net SqlClient Data Provider
   在 cn.ctgu.webgis.Data.SQLUtils.ExecuteQuery(String datasource, String cmdString, DatabaseParameter[] cmdParams)
   在 cn.ctgu.webgis.Data.SQLUtils.ExecuteQuery(String datasource, String cmdString, Hashtable cmdParams)
   在 cn.ctgu.webgis.WaterCalc.ImportPIDataJob.getNariHydro(DateTime startTime, DateTime endTime, String stcdt, String tp) 位置 C:\software\SZProject\Component\WaterCalc\WaterCalcJob\ImportPIDataJob.cs:行号 201
   在 cn.ctgu.webgis.WaterCalc.ImportPIDataJob.Quartz.IJob.Execute(IJobExecutionContext context) 位置 C:\software\SZProject\Component\WaterCalc\WaterCalcJob\ImportPIDataJob.cs:行号 82

2023-03-26 11:01:00 [cn.ctgu.webgis.WaterCalc.ImportPIDataJob.Quartz.IJob.Execute(C:\software\SZProject\Component\WaterCalc\WaterCalcJob\ImportPIDataJob.cs:176)] ERROR ImportPIData [] <> - 在水位雨量数据导入中捕获到异常#执行时间：2023/3/26 11:01:00
Exception: System.Data.SqlClient.SqlException
Message: 找不到存储过程 'WaterCalc_getOracleRTRUNInfo'。
Source: .Net SqlClient Data Provider
   在 cn.ctgu.webgis.Data.SQLUtils.ExecuteQuery(String datasource, String cmdString, DatabaseParameter[] cmdParams)
   在 cn.ctgu.webgis.Data.SQLUtils.ExecuteQuery(String datasource, String cmdString, Hashtable cmdParams)
   在 cn.ctgu.webgis.WaterCalc.ImportPIDataJob.getNariHydro(DateTime startTime, DateTime endTime, String stcdt, String tp) 位置 C:\software\SZProject\Component\WaterCalc\WaterCalcJob\ImportPIDataJob.cs:行号 201
   在 cn.ctgu.webgis.WaterCalc.ImportPIDataJob.Quartz.IJob.Execute(IJobExecutionContext context) 位置 C:\software\SZProject\Component\WaterCalc\WaterCalcJob\ImportPIDataJob.cs:行号 82

2023-03-26 11:03:19 [cn.ctgu.webgis.WaterCalc.WaterCalcHourReportJob.Quartz.IJob.Execute(C:\software\SZProject\Component\WaterCalc\WaterCalcJob\WaterCalcHourReportJob.cs:75)] INFO  HourReport [] <> - 水务小时计算数据导入完毕#执行时间：2023/3/26 11:03:19
2023-03-26 11:03:21 [cn.ctgu.webgis.WaterCalc.WaterCalcHourReportJob.Quartz.IJob.Execute(C:\software\SZProject\Component\WaterCalc\WaterCalcJob\WaterCalcHourReportJob.cs:87)] ERROR HourReport [] <> - 在水务小时计算数据导入中捕获到异常#执行时间：2023/3/26 11:03:21
Exception: System.NullReferenceException
Message: 未将对象引用设置到对象的实例。
Source: cn.ctgu.webgis.WaterCalc
   在 cn.ctgu.webgis.WaterCalc.WaterCalcHourReportJob.queryWaterHourData(DateTime startTime, DateTime endTime) 位置 C:\software\SZProject\Component\WaterCalc\WaterCalcJob\WaterCalcHourReportJob.cs:行号 126
   在 cn.ctgu.webgis.WaterCalc.WaterCalcHourReportJob.Quartz.IJob.Execute(IJobExecutionContext context) 位置 C:\software\SZProject\Component\WaterCalc\WaterCalcJob\WaterCalcHourReportJob.cs:行号 78

2023-03-26 11:06:00 [cn.ctgu.webgis.WaterCalc.ImportPIDataJob.Quartz.IJob.Execute(C:\software\SZProject\Component\WaterCalc\WaterCalcJob\ImportPIDataJob.cs:176)] ERROR ImportPIData [] <> - 在水位雨量数据导入中捕获到异常#执行时间：2023/3/26 11:06:00
Exception: System.Data.SqlClient.SqlException
Message: 找不到存储过程 'WaterCalc_getOracleRTRUNInfo'。
Source: .Net SqlClient Data Provider
   在 cn.ctgu.webgis.Data.SQLUtils.ExecuteQuery(String datasource, String cmdString, DatabaseParameter[] cmdParams)
   在 cn.ctgu.webgis.Data.SQLUtils.ExecuteQuery(String datasource, String cmdString, Hashtable cmdParams)
   在 cn.ctgu.webgis.WaterCalc.ImportPIDataJob.getNariHydro(DateTime startTime, DateTime endTime, String stcdt, String tp) 位置 C:\software\SZProject\Component\WaterCalc\WaterCalcJob\ImportPIDataJob.cs:行号 201
   在 cn.ctgu.webgis.WaterCalc.ImportPIDataJob.Quartz.IJob.Execute(IJobExecutionContext context) 位置 C:\software\SZProject\Component\WaterCalc\WaterCalcJob\ImportPIDataJob.cs:行号 82

[Header]
2023-03-26 11:11:00 [cn.ctgu.webgis.WaterCalc.ImportPIDataJob.Quartz.IJob.Execute(C:\software\SZProject\Component\WaterCalc\WaterCalcJob\ImportPIDataJob.cs:176)] ERROR ImportPIData [] <> - 在水位雨量数据导入中捕获到异常#执行时间：2023/3/26 11:11:00
Exception: System.Data.SqlClient.SqlException
Message: 找不到存储过程 'WaterCalc_getOracleRTRUNInfo'。
Source: .Net SqlClient Data Provider
   在 cn.ctgu.webgis.Data.SQLUtils.ExecuteQuery(String datasource, String cmdString, DatabaseParameter[] cmdParams)
   在 cn.ctgu.webgis.Data.SQLUtils.ExecuteQuery(String datasource, String cmdString, Hashtable cmdParams)
   在 cn.ctgu.webgis.WaterCalc.ImportPIDataJob.getNariHydro(DateTime startTime, DateTime endTime, String stcdt, String tp) 位置 C:\software\SZProject\Component\WaterCalc\WaterCalcJob\ImportPIDataJob.cs:行号 201
   在 cn.ctgu.webgis.WaterCalc.ImportPIDataJob.Quartz.IJob.Execute(IJobExecutionContext context) 位置 C:\software\SZProject\Component\WaterCalc\WaterCalcJob\ImportPIDataJob.cs:行号 82

2023-03-26 11:16:00 [cn.ctgu.webgis.WaterCalc.ImportPIDataJob.Quartz.IJob.Execute(C:\software\SZProject\Component\WaterCalc\WaterCalcJob\ImportPIDataJob.cs:176)] ERROR ImportPIData [] <> - 在水位雨量数据导入中捕获到异常#执行时间：2023/3/26 11:16:00
Exception: System.Data.SqlClient.SqlException
Message: 找不到存储过程 'WaterCalc_getOracleRTRUNInfo'。
Source: .Net SqlClient Data Provider
   在 cn.ctgu.webgis.Data.SQLUtils.ExecuteQuery(String datasource, String cmdString, DatabaseParameter[] cmdParams)
   在 cn.ctgu.webgis.Data.SQLUtils.ExecuteQuery(String datasource, String cmdString, Hashtable cmdParams)
   在 cn.ctgu.webgis.WaterCalc.ImportPIDataJob.getNariHydro(DateTime startTime, DateTime endTime, String stcdt, String tp) 位置 C:\software\SZProject\Component\WaterCalc\WaterCalcJob\ImportPIDataJob.cs:行号 201
   在 cn.ctgu.webgis.WaterCalc.ImportPIDataJob.Quartz.IJob.Execute(IJobExecutionContext context) 位置 C:\software\SZProject\Component\WaterCalc\WaterCalcJob\ImportPIDataJob.cs:行号 82

2023-03-26 11:21:00 [cn.ctgu.webgis.WaterCalc.ImportPIDataJob.Quartz.IJob.Execute(C:\software\SZProject\Component\WaterCalc\WaterCalcJob\ImportPIDataJob.cs:176)] ERROR ImportPIData [] <> - 在水位雨量数据导入中捕获到异常#执行时间：2023/3/26 11:21:00
Exception: System.Data.SqlClient.SqlException
Message: 找不到存储过程 'WaterCalc_getOracleRTRUNInfo'。
Source: .Net SqlClient Data Provider
   在 cn.ctgu.webgis.Data.SQLUtils.ExecuteQuery(String datasource, String cmdString, DatabaseParameter[] cmdParams)
   在 cn.ctgu.webgis.Data.SQLUtils.ExecuteQuery(String datasource, String cmdString, Hashtable cmdParams)
   在 cn.ctgu.webgis.WaterCalc.ImportPIDataJob.getNariHydro(DateTime startTime, DateTime endTime, String stcdt, String tp) 位置 C:\software\SZProject\Component\WaterCalc\WaterCalcJob\ImportPIDataJob.cs:行号 201
   在 cn.ctgu.webgis.WaterCalc.ImportPIDataJob.Quartz.IJob.Execute(IJobExecutionContext context) 位置 C:\software\SZProject\Component\WaterCalc\WaterCalcJob\ImportPIDataJob.cs:行号 82

2023-03-26 11:26:00 [cn.ctgu.webgis.WaterCalc.ImportPIDataJob.Quartz.IJob.Execute(C:\software\SZProject\Component\WaterCalc\WaterCalcJob\ImportPIDataJob.cs:176)] ERROR ImportPIData [] <> - 在水位雨量数据导入中捕获到异常#执行时间：2023/3/26 11:26:00
Exception: System.Data.SqlClient.SqlException
Message: 找不到存储过程 'WaterCalc_getOracleRTRUNInfo'。
Source: .Net SqlClient Data Provider
   在 cn.ctgu.webgis.Data.SQLUtils.ExecuteQuery(String datasource, String cmdString, DatabaseParameter[] cmdParams)
   在 cn.ctgu.webgis.Data.SQLUtils.ExecuteQuery(String datasource, String cmdString, Hashtable cmdParams)
   在 cn.ctgu.webgis.WaterCalc.ImportPIDataJob.getNariHydro(DateTime startTime, DateTime endTime, String stcdt, String tp) 位置 C:\software\SZProject\Component\WaterCalc\WaterCalcJob\ImportPIDataJob.cs:行号 201
   在 cn.ctgu.webgis.WaterCalc.ImportPIDataJob.Quartz.IJob.Execute(IJobExecutionContext context) 位置 C:\software\SZProject\Component\WaterCalc\WaterCalcJob\ImportPIDataJob.cs:行号 82

2023-03-26 11:31:00 [cn.ctgu.webgis.WaterCalc.ImportPIDataJob.Quartz.IJob.Execute(C:\software\SZProject\Component\WaterCalc\WaterCalcJob\ImportPIDataJob.cs:176)] ERROR ImportPIData [] <> - 在水位雨量数据导入中捕获到异常#执行时间：2023/3/26 11:31:00
Exception: System.Data.SqlClient.SqlException
Message: 找不到存储过程 'WaterCalc_getOracleRTRUNInfo'。
Source: .Net SqlClient Data Provider
   在 cn.ctgu.webgis.Data.SQLUtils.ExecuteQuery(String datasource, String cmdString, DatabaseParameter[] cmdParams)
   在 cn.ctgu.webgis.Data.SQLUtils.ExecuteQuery(String datasource, String cmdString, Hashtable cmdParams)
   在 cn.ctgu.webgis.WaterCalc.ImportPIDataJob.getNariHydro(DateTime startTime, DateTime endTime, String stcdt, String tp) 位置 C:\software\SZProject\Component\WaterCalc\WaterCalcJob\ImportPIDataJob.cs:行号 201
   在 cn.ctgu.webgis.WaterCalc.ImportPIDataJob.Quartz.IJob.Execute(IJobExecutionContext context) 位置 C:\software\SZProject\Component\WaterCalc\WaterCalcJob\ImportPIDataJob.cs:行号 82

[Header]
2023-03-26 16:21:00 [cn.ctgu.webgis.WaterCalc.ImportPIDataJob.Quartz.IJob.Execute(C:\software\SZProject\Component\WaterCalc\WaterCalcJob\ImportPIDataJob.cs:176)] ERROR ImportPIData [] <> - 在水位雨量数据导入中捕获到异常#执行时间：2023/3/26 16:21:00
Exception: System.Data.SqlClient.SqlException
Message: 找不到存储过程 'WaterCalc_getOracleRTRUNInfo'。
Source: .Net SqlClient Data Provider
   在 cn.ctgu.webgis.Data.SQLUtils.ExecuteQuery(String datasource, String cmdString, DatabaseParameter[] cmdParams)
   在 cn.ctgu.webgis.Data.SQLUtils.ExecuteQuery(String datasource, String cmdString, Hashtable cmdParams)
   在 cn.ctgu.webgis.WaterCalc.ImportPIDataJob.getNariHydro(DateTime startTime, DateTime endTime, String stcdt, String tp) 位置 C:\software\SZProject\Component\WaterCalc\WaterCalcJob\ImportPIDataJob.cs:行号 201
   在 cn.ctgu.webgis.WaterCalc.ImportPIDataJob.Quartz.IJob.Execute(IJobExecutionContext context) 位置 C:\software\SZProject\Component\WaterCalc\WaterCalcJob\ImportPIDataJob.cs:行号 82

2023-03-26 16:26:00 [cn.ctgu.webgis.WaterCalc.ImportPIDataJob.Quartz.IJob.Execute(C:\software\SZProject\Component\WaterCalc\WaterCalcJob\ImportPIDataJob.cs:176)] ERROR ImportPIData [] <> - 在水位雨量数据导入中捕获到异常#执行时间：2023/3/26 16:26:00
Exception: System.Data.SqlClient.SqlException
Message: 找不到存储过程 'WaterCalc_getOracleRTRUNInfo'。
Source: .Net SqlClient Data Provider
   在 cn.ctgu.webgis.Data.SQLUtils.ExecuteQuery(String datasource, String cmdString, DatabaseParameter[] cmdParams)
   在 cn.ctgu.webgis.Data.SQLUtils.ExecuteQuery(String datasource, String cmdString, Hashtable cmdParams)
   在 cn.ctgu.webgis.WaterCalc.ImportPIDataJob.getNariHydro(DateTime startTime, DateTime endTime, String stcdt, String tp) 位置 C:\software\SZProject\Component\WaterCalc\WaterCalcJob\ImportPIDataJob.cs:行号 201
   在 cn.ctgu.webgis.WaterCalc.ImportPIDataJob.Quartz.IJob.Execute(IJobExecutionContext context) 位置 C:\software\SZProject\Component\WaterCalc\WaterCalcJob\ImportPIDataJob.cs:行号 82

2023-03-26 16:31:00 [cn.ctgu.webgis.WaterCalc.ImportPIDataJob.Quartz.IJob.Execute(C:\software\SZProject\Component\WaterCalc\WaterCalcJob\ImportPIDataJob.cs:176)] ERROR ImportPIData [] <> - 在水位雨量数据导入中捕获到异常#执行时间：2023/3/26 16:31:00
Exception: System.Data.SqlClient.SqlException
Message: 找不到存储过程 'WaterCalc_getOracleRTRUNInfo'。
Source: .Net SqlClient Data Provider
   在 cn.ctgu.webgis.Data.SQLUtils.ExecuteQuery(String datasource, String cmdString, DatabaseParameter[] cmdParams)
   在 cn.ctgu.webgis.Data.SQLUtils.ExecuteQuery(String datasource, String cmdString, Hashtable cmdParams)
   在 cn.ctgu.webgis.WaterCalc.ImportPIDataJob.getNariHydro(DateTime startTime, DateTime endTime, String stcdt, String tp) 位置 C:\software\SZProject\Component\WaterCalc\WaterCalcJob\ImportPIDataJob.cs:行号 201
   在 cn.ctgu.webgis.WaterCalc.ImportPIDataJob.Quartz.IJob.Execute(IJobExecutionContext context) 位置 C:\software\SZProject\Component\WaterCalc\WaterCalcJob\ImportPIDataJob.cs:行号 82

2023-03-26 16:36:00 [cn.ctgu.webgis.WaterCalc.ImportPIDataJob.Quartz.IJob.Execute(C:\software\SZProject\Component\WaterCalc\WaterCalcJob\ImportPIDataJob.cs:176)] ERROR ImportPIData [] <> - 在水位雨量数据导入中捕获到异常#执行时间：2023/3/26 16:36:00
Exception: System.Data.SqlClient.SqlException
Message: 找不到存储过程 'WaterCalc_getOracleRTRUNInfo'。
Source: .Net SqlClient Data Provider
   在 cn.ctgu.webgis.Data.SQLUtils.ExecuteQuery(String datasource, String cmdString, DatabaseParameter[] cmdParams)
   在 cn.ctgu.webgis.Data.SQLUtils.ExecuteQuery(String datasource, String cmdString, Hashtable cmdParams)
   在 cn.ctgu.webgis.WaterCalc.ImportPIDataJob.getNariHydro(DateTime startTime, DateTime endTime, String stcdt, String tp) 位置 C:\software\SZProject\Component\WaterCalc\WaterCalcJob\ImportPIDataJob.cs:行号 201
   在 cn.ctgu.webgis.WaterCalc.ImportPIDataJob.Quartz.IJob.Execute(IJobExecutionContext context) 位置 C:\software\SZProject\Component\WaterCalc\WaterCalcJob\ImportPIDataJob.cs:行号 82

[Header]
2023-03-26 16:56:00 [cn.ctgu.webgis.WaterCalc.ImportPIDataJob.Quartz.IJob.Execute(C:\software\SZProject\Component\WaterCalc\WaterCalcJob\ImportPIDataJob.cs:176)] ERROR ImportPIData [] <> - 在水位雨量数据导入中捕获到异常#执行时间：2023/3/26 16:56:00
Exception: System.Data.SqlClient.SqlException
Message: 找不到存储过程 'WaterCalc_getOracleRTRUNInfo'。
Source: .Net SqlClient Data Provider
   在 cn.ctgu.webgis.Data.SQLUtils.ExecuteQuery(String datasource, String cmdString, DatabaseParameter[] cmdParams)
   在 cn.ctgu.webgis.Data.SQLUtils.ExecuteQuery(String datasource, String cmdString, Hashtable cmdParams)
   在 cn.ctgu.webgis.WaterCalc.ImportPIDataJob.getNariHydro(DateTime startTime, DateTime endTime, String stcdt, String tp) 位置 C:\software\SZProject\Component\WaterCalc\WaterCalcJob\ImportPIDataJob.cs:行号 201
   在 cn.ctgu.webgis.WaterCalc.ImportPIDataJob.Quartz.IJob.Execute(IJobExecutionContext context) 位置 C:\software\SZProject\Component\WaterCalc\WaterCalcJob\ImportPIDataJob.cs:行号 82

2023-03-26 17:01:00 [cn.ctgu.webgis.WaterCalc.ImportPIDataJob.Quartz.IJob.Execute(C:\software\SZProject\Component\WaterCalc\WaterCalcJob\ImportPIDataJob.cs:176)] ERROR ImportPIData [] <> - 在水位雨量数据导入中捕获到异常#执行时间：2023/3/26 17:01:00
Exception: System.Data.SqlClient.SqlException
Message: 找不到存储过程 'WaterCalc_getOracleRTRUNInfo'。
Source: .Net SqlClient Data Provider
   在 cn.ctgu.webgis.Data.SQLUtils.ExecuteQuery(String datasource, String cmdString, DatabaseParameter[] cmdParams)
   在 cn.ctgu.webgis.Data.SQLUtils.ExecuteQuery(String datasource, String cmdString, Hashtable cmdParams)
   在 cn.ctgu.webgis.WaterCalc.ImportPIDataJob.getNariHydro(DateTime startTime, DateTime endTime, String stcdt, String tp) 位置 C:\software\SZProject\Component\WaterCalc\WaterCalcJob\ImportPIDataJob.cs:行号 201
   在 cn.ctgu.webgis.WaterCalc.ImportPIDataJob.Quartz.IJob.Execute(IJobExecutionContext context) 位置 C:\software\SZProject\Component\WaterCalc\WaterCalcJob\ImportPIDataJob.cs:行号 82

2023-03-26 17:03:22 [cn.ctgu.webgis.WaterCalc.WaterCalcHourReportJob.Quartz.IJob.Execute(C:\software\SZProject\Component\WaterCalc\WaterCalcJob\WaterCalcHourReportJob.cs:75)] INFO  HourReport [] <> - 水务小时计算数据导入完毕#执行时间：2023/3/26 17:03:22
2023-03-26 17:03:23 [cn.ctgu.webgis.WaterCalc.WaterCalcHourReportJob.Quartz.IJob.Execute(C:\software\SZProject\Component\WaterCalc\WaterCalcJob\WaterCalcHourReportJob.cs:87)] ERROR HourReport [] <> - 在水务小时计算数据导入中捕获到异常#执行时间：2023/3/26 17:03:23
Exception: System.IO.FileNotFoundException
Message: 未能找到文件“D:\PIE\SZActionController\Config\watercalcjob.xml”。
Source: mscorlib
   在 System.IO.__Error.WinIOError(Int32 errorCode, String maybeFullPath)
   在 System.IO.FileStream.Init(String path, FileMode mode, FileAccess access, Int32 rights, Boolean useRights, FileShare share, Int32 bufferSize, FileOptions options, SECURITY_ATTRIBUTES secAttrs, String msgPath, Boolean bFromProxy, Boolean useLongPath, Boolean checkHost)
   在 System.IO.FileStream..ctor(String path, FileMode mode, FileAccess access, FileShare share, Int32 bufferSize)
   在 System.Xml.XmlDownloadManager.GetStream(Uri uri, ICredentials credentials, IWebProxy proxy, RequestCachePolicy cachePolicy)
   在 System.Xml.XmlUrlResolver.GetEntity(Uri absoluteUri, String role, Type ofObjectToReturn)
   在 System.Xml.XmlTextReaderImpl.OpenUrlDelegate(Object xmlResolver)
   在 System.Threading.CompressedStack.runTryCode(Object userData)
   在 System.Runtime.CompilerServices.RuntimeHelpers.ExecuteCodeWithGuaranteedCleanup(TryCode code, CleanupCode backoutCode, Object userData)
   在 System.Threading.CompressedStack.Run(CompressedStack compressedStack, ContextCallback callback, Object state)
   在 System.Xml.XmlTextReaderImpl.OpenUrl()
   在 System.Xml.XmlTextReaderImpl.Read()
   在 System.Xml.XmlLoader.Load(XmlDocument doc, XmlReader reader, Boolean preserveWhitespace)
   在 System.Xml.XmlDocument.Load(XmlReader reader)
   在 System.Xml.XmlDocument.Load(String filename)
   在 cn.ctgu.webgis.WaterCalc.WaterCalcHourReportJob.smoothData(DateTime startTime, DateTime endTime, Int32 dt) 位置 C:\software\SZProject\Component\WaterCalc\WaterCalcJob\WaterCalcHourReportJob.cs:行号 143
   在 cn.ctgu.webgis.WaterCalc.WaterCalcHourReportJob.Quartz.IJob.Execute(IJobExecutionContext context) 位置 C:\software\SZProject\Component\WaterCalc\WaterCalcJob\WaterCalcHourReportJob.cs:行号 80

2023-03-26 17:06:00 [cn.ctgu.webgis.WaterCalc.ImportPIDataJob.Quartz.IJob.Execute(C:\software\SZProject\Component\WaterCalc\WaterCalcJob\ImportPIDataJob.cs:176)] ERROR ImportPIData [] <> - 在水位雨量数据导入中捕获到异常#执行时间：2023/3/26 17:06:00
Exception: System.Data.SqlClient.SqlException
Message: 找不到存储过程 'WaterCalc_getOracleRTRUNInfo'。
Source: .Net SqlClient Data Provider
   在 cn.ctgu.webgis.Data.SQLUtils.ExecuteQuery(String datasource, String cmdString, DatabaseParameter[] cmdParams)
   在 cn.ctgu.webgis.Data.SQLUtils.ExecuteQuery(String datasource, String cmdString, Hashtable cmdParams)
   在 cn.ctgu.webgis.WaterCalc.ImportPIDataJob.getNariHydro(DateTime startTime, DateTime endTime, String stcdt, String tp) 位置 C:\software\SZProject\Component\WaterCalc\WaterCalcJob\ImportPIDataJob.cs:行号 201
   在 cn.ctgu.webgis.WaterCalc.ImportPIDataJob.Quartz.IJob.Execute(IJobExecutionContext context) 位置 C:\software\SZProject\Component\WaterCalc\WaterCalcJob\ImportPIDataJob.cs:行号 82

2023-03-26 17:11:00 [cn.ctgu.webgis.WaterCalc.ImportPIDataJob.Quartz.IJob.Execute(C:\software\SZProject\Component\WaterCalc\WaterCalcJob\ImportPIDataJob.cs:176)] ERROR ImportPIData [] <> - 在水位雨量数据导入中捕获到异常#执行时间：2023/3/26 17:11:00
Exception: System.Data.SqlClient.SqlException
Message: 找不到存储过程 'WaterCalc_getOracleRTRUNInfo'。
Source: .Net SqlClient Data Provider
   在 cn.ctgu.webgis.Data.SQLUtils.ExecuteQuery(String datasource, String cmdString, DatabaseParameter[] cmdParams)
   在 cn.ctgu.webgis.Data.SQLUtils.ExecuteQuery(String datasource, String cmdString, Hashtable cmdParams)
   在 cn.ctgu.webgis.WaterCalc.ImportPIDataJob.getNariHydro(DateTime startTime, DateTime endTime, String stcdt, String tp) 位置 C:\software\SZProject\Component\WaterCalc\WaterCalcJob\ImportPIDataJob.cs:行号 201
   在 cn.ctgu.webgis.WaterCalc.ImportPIDataJob.Quartz.IJob.Execute(IJobExecutionContext context) 位置 C:\software\SZProject\Component\WaterCalc\WaterCalcJob\ImportPIDataJob.cs:行号 82

