[Header]
2023-04-10 18:31:00 [cn.ctgu.webgis.WaterCalc.ImportPIDataJob.Quartz.IJob.Execute(C:\software\SZProject\Component\WaterCalc\WaterCalcJob\ImportPIDataJob.cs:176)] ERROR ImportPIData [] <> - 在水位雨量数据导入中捕获到异常#执行时间：2023/4/10 18:31:00
Exception: System.Data.SqlClient.SqlException
Message: 找不到存储过程 'WaterCalc_getOracleRTRUNInfo'。
Source: .Net SqlClient Data Provider
   在 cn.ctgu.webgis.Data.SQLUtils.ExecuteQuery(String datasource, String cmdString, DatabaseParameter[] cmdParams)
   在 cn.ctgu.webgis.Data.SQLUtils.ExecuteQuery(String datasource, String cmdString, Hashtable cmdParams)
   在 cn.ctgu.webgis.WaterCalc.ImportPIDataJob.getNariHydro(DateTime startTime, DateTime endTime, String stcdt, String tp) 位置 C:\software\SZProject\Component\WaterCalc\WaterCalcJob\ImportPIDataJob.cs:行号 201
   在 cn.ctgu.webgis.WaterCalc.ImportPIDataJob.Quartz.IJob.Execute(IJobExecutionContext context) 位置 C:\software\SZProject\Component\WaterCalc\WaterCalcJob\ImportPIDataJob.cs:行号 82

2023-04-10 18:36:00 [cn.ctgu.webgis.WaterCalc.ImportPIDataJob.Quartz.IJob.Execute(C:\software\SZProject\Component\WaterCalc\WaterCalcJob\ImportPIDataJob.cs:176)] ERROR ImportPIData [] <> - 在水位雨量数据导入中捕获到异常#执行时间：2023/4/10 18:36:00
Exception: System.Data.SqlClient.SqlException
Message: 找不到存储过程 'WaterCalc_getOracleRTRUNInfo'。
Source: .Net SqlClient Data Provider
   在 cn.ctgu.webgis.Data.SQLUtils.ExecuteQuery(String datasource, String cmdString, DatabaseParameter[] cmdParams)
   在 cn.ctgu.webgis.Data.SQLUtils.ExecuteQuery(String datasource, String cmdString, Hashtable cmdParams)
   在 cn.ctgu.webgis.WaterCalc.ImportPIDataJob.getNariHydro(DateTime startTime, DateTime endTime, String stcdt, String tp) 位置 C:\software\SZProject\Component\WaterCalc\WaterCalcJob\ImportPIDataJob.cs:行号 201
   在 cn.ctgu.webgis.WaterCalc.ImportPIDataJob.Quartz.IJob.Execute(IJobExecutionContext context) 位置 C:\software\SZProject\Component\WaterCalc\WaterCalcJob\ImportPIDataJob.cs:行号 82

2023-04-10 18:41:00 [cn.ctgu.webgis.WaterCalc.ImportPIDataJob.Quartz.IJob.Execute(C:\software\SZProject\Component\WaterCalc\WaterCalcJob\ImportPIDataJob.cs:176)] ERROR ImportPIData [] <> - 在水位雨量数据导入中捕获到异常#执行时间：2023/4/10 18:41:00
Exception: System.Data.SqlClient.SqlException
Message: 找不到存储过程 'WaterCalc_getOracleRTRUNInfo'。
Source: .Net SqlClient Data Provider
   在 cn.ctgu.webgis.Data.SQLUtils.ExecuteQuery(String datasource, String cmdString, DatabaseParameter[] cmdParams)
   在 cn.ctgu.webgis.Data.SQLUtils.ExecuteQuery(String datasource, String cmdString, Hashtable cmdParams)
   在 cn.ctgu.webgis.WaterCalc.ImportPIDataJob.getNariHydro(DateTime startTime, DateTime endTime, String stcdt, String tp) 位置 C:\software\SZProject\Component\WaterCalc\WaterCalcJob\ImportPIDataJob.cs:行号 201
   在 cn.ctgu.webgis.WaterCalc.ImportPIDataJob.Quartz.IJob.Execute(IJobExecutionContext context) 位置 C:\software\SZProject\Component\WaterCalc\WaterCalcJob\ImportPIDataJob.cs:行号 82

2023-04-10 18:46:00 [cn.ctgu.webgis.WaterCalc.ImportPIDataJob.Quartz.IJob.Execute(C:\software\SZProject\Component\WaterCalc\WaterCalcJob\ImportPIDataJob.cs:176)] ERROR ImportPIData [] <> - 在水位雨量数据导入中捕获到异常#执行时间：2023/4/10 18:46:00
Exception: System.Data.SqlClient.SqlException
Message: 找不到存储过程 'WaterCalc_getOracleRTRUNInfo'。
Source: .Net SqlClient Data Provider
   在 cn.ctgu.webgis.Data.SQLUtils.ExecuteQuery(String datasource, String cmdString, DatabaseParameter[] cmdParams)
   在 cn.ctgu.webgis.Data.SQLUtils.ExecuteQuery(String datasource, String cmdString, Hashtable cmdParams)
   在 cn.ctgu.webgis.WaterCalc.ImportPIDataJob.getNariHydro(DateTime startTime, DateTime endTime, String stcdt, String tp) 位置 C:\software\SZProject\Component\WaterCalc\WaterCalcJob\ImportPIDataJob.cs:行号 201
   在 cn.ctgu.webgis.WaterCalc.ImportPIDataJob.Quartz.IJob.Execute(IJobExecutionContext context) 位置 C:\software\SZProject\Component\WaterCalc\WaterCalcJob\ImportPIDataJob.cs:行号 82

2023-04-10 18:51:00 [cn.ctgu.webgis.WaterCalc.ImportPIDataJob.Quartz.IJob.Execute(C:\software\SZProject\Component\WaterCalc\WaterCalcJob\ImportPIDataJob.cs:176)] ERROR ImportPIData [] <> - 在水位雨量数据导入中捕获到异常#执行时间：2023/4/10 18:51:00
Exception: System.Data.SqlClient.SqlException
Message: 找不到存储过程 'WaterCalc_getOracleRTRUNInfo'。
Source: .Net SqlClient Data Provider
   在 cn.ctgu.webgis.Data.SQLUtils.ExecuteQuery(String datasource, String cmdString, DatabaseParameter[] cmdParams)
   在 cn.ctgu.webgis.Data.SQLUtils.ExecuteQuery(String datasource, String cmdString, Hashtable cmdParams)
   在 cn.ctgu.webgis.WaterCalc.ImportPIDataJob.getNariHydro(DateTime startTime, DateTime endTime, String stcdt, String tp) 位置 C:\software\SZProject\Component\WaterCalc\WaterCalcJob\ImportPIDataJob.cs:行号 201
   在 cn.ctgu.webgis.WaterCalc.ImportPIDataJob.Quartz.IJob.Execute(IJobExecutionContext context) 位置 C:\software\SZProject\Component\WaterCalc\WaterCalcJob\ImportPIDataJob.cs:行号 82

2023-04-10 18:56:00 [cn.ctgu.webgis.WaterCalc.ImportPIDataJob.Quartz.IJob.Execute(C:\software\SZProject\Component\WaterCalc\WaterCalcJob\ImportPIDataJob.cs:176)] ERROR ImportPIData [] <> - 在水位雨量数据导入中捕获到异常#执行时间：2023/4/10 18:56:00
Exception: System.Data.SqlClient.SqlException
Message: 找不到存储过程 'WaterCalc_getOracleRTRUNInfo'。
Source: .Net SqlClient Data Provider
   在 cn.ctgu.webgis.Data.SQLUtils.ExecuteQuery(String datasource, String cmdString, DatabaseParameter[] cmdParams)
   在 cn.ctgu.webgis.Data.SQLUtils.ExecuteQuery(String datasource, String cmdString, Hashtable cmdParams)
   在 cn.ctgu.webgis.WaterCalc.ImportPIDataJob.getNariHydro(DateTime startTime, DateTime endTime, String stcdt, String tp) 位置 C:\software\SZProject\Component\WaterCalc\WaterCalcJob\ImportPIDataJob.cs:行号 201
   在 cn.ctgu.webgis.WaterCalc.ImportPIDataJob.Quartz.IJob.Execute(IJobExecutionContext context) 位置 C:\software\SZProject\Component\WaterCalc\WaterCalcJob\ImportPIDataJob.cs:行号 82

2023-04-10 19:01:00 [cn.ctgu.webgis.WaterCalc.ImportPIDataJob.Quartz.IJob.Execute(C:\software\SZProject\Component\WaterCalc\WaterCalcJob\ImportPIDataJob.cs:176)] ERROR ImportPIData [] <> - 在水位雨量数据导入中捕获到异常#执行时间：2023/4/10 19:01:00
Exception: System.Data.SqlClient.SqlException
Message: 找不到存储过程 'WaterCalc_getOracleRTRUNInfo'。
Source: .Net SqlClient Data Provider
   在 cn.ctgu.webgis.Data.SQLUtils.ExecuteQuery(String datasource, String cmdString, DatabaseParameter[] cmdParams)
   在 cn.ctgu.webgis.Data.SQLUtils.ExecuteQuery(String datasource, String cmdString, Hashtable cmdParams)
   在 cn.ctgu.webgis.WaterCalc.ImportPIDataJob.getNariHydro(DateTime startTime, DateTime endTime, String stcdt, String tp) 位置 C:\software\SZProject\Component\WaterCalc\WaterCalcJob\ImportPIDataJob.cs:行号 201
   在 cn.ctgu.webgis.WaterCalc.ImportPIDataJob.Quartz.IJob.Execute(IJobExecutionContext context) 位置 C:\software\SZProject\Component\WaterCalc\WaterCalcJob\ImportPIDataJob.cs:行号 82

2023-04-10 19:03:30 [cn.ctgu.webgis.WaterCalc.WaterCalcHourReportJob.Quartz.IJob.Execute(C:\software\SZProject\Component\WaterCalc\WaterCalcJob\WaterCalcHourReportJob.cs:87)] ERROR HourReport [] <> - 在水务小时计算数据导入中捕获到异常#执行时间：2023/4/10 19:03:30
Exception: System.Data.SqlClient.SqlException
Message: 违反了 PRIMARY KEY 约束“WaterCalc_HourDB_PK”。不能在对象“dbo.WaterCalc_HourDB”中插入重复键。重复键值为 (12021020, 04 10 2023  7:00PM)。
违反了 PRIMARY KEY 约束“WaterCalc_HourDB_PK”。不能在对象“dbo.WaterCalc_HourDB”中插入重复键。重复键值为 (12021050, 04 10 2023  7:00PM)。
违反了 PRIMARY KEY 约束“WaterCalc_HourDB_PK”。不能在对象“dbo.WaterCalc_HourDB”中插入重复键。重复键值为 (12021100, 04 10 2023  7:00PM)。
违反了 PRIMARY KEY 约束“WaterCalc_HourDB_PK”。不能在对象“dbo.WaterCalc_HourDB”中插入重复键。重复键值为 (12021150, 04 10 2023  7:00PM)。
违反了 PRIMARY KEY 约束“WaterCalc_HourDB_PK”。不能在对象“dbo.WaterCalc_HourDB”中插入重复键。重复键值为 (12021260, 04 10 2023  7:00PM)。
违反了 PRIMARY KEY 约束“WaterCalc_HourDB_PK”。不能在对象“dbo.WaterCalc_HourDB”中插入重复键。重复键值为 (12021263, 04 10 2023  7:00PM)。
违反了 PRIMARY KEY 约束“WaterCalc_HourDB_PK”。不能在对象“dbo.WaterCalc_HourDB”中插入重复键。重复键值为 (12021265, 04 10 2023  7:00PM)。
Execution Timeout Expired.  The timeout period elapsed prior to completion of the operation or the server is not responding.
语句已终止。
语句已终止。
语句已终止。
语句已终止。
语句已终止。
语句已终止。
语句已终止。
Source: .Net SqlClient Data Provider
   在 cn.ctgu.webgis.Data.SQLUtils.ExecuteNonQuery(String datasource, String cmdString, DatabaseParameter[] cmdParams)
   在 cn.ctgu.webgis.Data.SQLUtils.ExecuteNonQuery(String datasource, String cmdString, Hashtable cmdParams)
   在 cn.ctgu.webgis.WaterCalc.WaterCalcHourReportJob.insertHourDBData(DateTime startTime, DateTime endTime) 位置 C:\software\SZProject\Component\WaterCalc\WaterCalcJob\WaterCalcHourReportJob.cs:行号 99
   在 cn.ctgu.webgis.WaterCalc.WaterCalcHourReportJob.Quartz.IJob.Execute(IJobExecutionContext context) 位置 C:\software\SZProject\Component\WaterCalc\WaterCalcJob\WaterCalcHourReportJob.cs:行号 68

2023-04-10 19:06:00 [cn.ctgu.webgis.WaterCalc.ImportPIDataJob.Quartz.IJob.Execute(C:\software\SZProject\Component\WaterCalc\WaterCalcJob\ImportPIDataJob.cs:176)] ERROR ImportPIData [] <> - 在水位雨量数据导入中捕获到异常#执行时间：2023/4/10 19:06:00
Exception: System.Data.SqlClient.SqlException
Message: 找不到存储过程 'WaterCalc_getOracleRTRUNInfo'。
Source: .Net SqlClient Data Provider
   在 cn.ctgu.webgis.Data.SQLUtils.ExecuteQuery(String datasource, String cmdString, DatabaseParameter[] cmdParams)
   在 cn.ctgu.webgis.Data.SQLUtils.ExecuteQuery(String datasource, String cmdString, Hashtable cmdParams)
   在 cn.ctgu.webgis.WaterCalc.ImportPIDataJob.getNariHydro(DateTime startTime, DateTime endTime, String stcdt, String tp) 位置 C:\software\SZProject\Component\WaterCalc\WaterCalcJob\ImportPIDataJob.cs:行号 201
   在 cn.ctgu.webgis.WaterCalc.ImportPIDataJob.Quartz.IJob.Execute(IJobExecutionContext context) 位置 C:\software\SZProject\Component\WaterCalc\WaterCalcJob\ImportPIDataJob.cs:行号 82

2023-04-10 19:11:00 [cn.ctgu.webgis.WaterCalc.ImportPIDataJob.Quartz.IJob.Execute(C:\software\SZProject\Component\WaterCalc\WaterCalcJob\ImportPIDataJob.cs:176)] ERROR ImportPIData [] <> - 在水位雨量数据导入中捕获到异常#执行时间：2023/4/10 19:11:00
Exception: System.Data.SqlClient.SqlException
Message: 找不到存储过程 'WaterCalc_getOracleRTRUNInfo'。
Source: .Net SqlClient Data Provider
   在 cn.ctgu.webgis.Data.SQLUtils.ExecuteQuery(String datasource, String cmdString, DatabaseParameter[] cmdParams)
   在 cn.ctgu.webgis.Data.SQLUtils.ExecuteQuery(String datasource, String cmdString, Hashtable cmdParams)
   在 cn.ctgu.webgis.WaterCalc.ImportPIDataJob.getNariHydro(DateTime startTime, DateTime endTime, String stcdt, String tp) 位置 C:\software\SZProject\Component\WaterCalc\WaterCalcJob\ImportPIDataJob.cs:行号 201
   在 cn.ctgu.webgis.WaterCalc.ImportPIDataJob.Quartz.IJob.Execute(IJobExecutionContext context) 位置 C:\software\SZProject\Component\WaterCalc\WaterCalcJob\ImportPIDataJob.cs:行号 82

2023-04-10 19:16:00 [cn.ctgu.webgis.WaterCalc.ImportPIDataJob.Quartz.IJob.Execute(C:\software\SZProject\Component\WaterCalc\WaterCalcJob\ImportPIDataJob.cs:176)] ERROR ImportPIData [] <> - 在水位雨量数据导入中捕获到异常#执行时间：2023/4/10 19:16:00
Exception: System.Data.SqlClient.SqlException
Message: 找不到存储过程 'WaterCalc_getOracleRTRUNInfo'。
Source: .Net SqlClient Data Provider
   在 cn.ctgu.webgis.Data.SQLUtils.ExecuteQuery(String datasource, String cmdString, DatabaseParameter[] cmdParams)
   在 cn.ctgu.webgis.Data.SQLUtils.ExecuteQuery(String datasource, String cmdString, Hashtable cmdParams)
   在 cn.ctgu.webgis.WaterCalc.ImportPIDataJob.getNariHydro(DateTime startTime, DateTime endTime, String stcdt, String tp) 位置 C:\software\SZProject\Component\WaterCalc\WaterCalcJob\ImportPIDataJob.cs:行号 201
   在 cn.ctgu.webgis.WaterCalc.ImportPIDataJob.Quartz.IJob.Execute(IJobExecutionContext context) 位置 C:\software\SZProject\Component\WaterCalc\WaterCalcJob\ImportPIDataJob.cs:行号 82

2023-04-10 19:21:00 [cn.ctgu.webgis.WaterCalc.ImportPIDataJob.Quartz.IJob.Execute(C:\software\SZProject\Component\WaterCalc\WaterCalcJob\ImportPIDataJob.cs:176)] ERROR ImportPIData [] <> - 在水位雨量数据导入中捕获到异常#执行时间：2023/4/10 19:21:00
Exception: System.Data.SqlClient.SqlException
Message: 找不到存储过程 'WaterCalc_getOracleRTRUNInfo'。
Source: .Net SqlClient Data Provider
   在 cn.ctgu.webgis.Data.SQLUtils.ExecuteQuery(String datasource, String cmdString, DatabaseParameter[] cmdParams)
   在 cn.ctgu.webgis.Data.SQLUtils.ExecuteQuery(String datasource, String cmdString, Hashtable cmdParams)
   在 cn.ctgu.webgis.WaterCalc.ImportPIDataJob.getNariHydro(DateTime startTime, DateTime endTime, String stcdt, String tp) 位置 C:\software\SZProject\Component\WaterCalc\WaterCalcJob\ImportPIDataJob.cs:行号 201
   在 cn.ctgu.webgis.WaterCalc.ImportPIDataJob.Quartz.IJob.Execute(IJobExecutionContext context) 位置 C:\software\SZProject\Component\WaterCalc\WaterCalcJob\ImportPIDataJob.cs:行号 82

2023-04-10 19:26:00 [cn.ctgu.webgis.WaterCalc.ImportPIDataJob.Quartz.IJob.Execute(C:\software\SZProject\Component\WaterCalc\WaterCalcJob\ImportPIDataJob.cs:176)] ERROR ImportPIData [] <> - 在水位雨量数据导入中捕获到异常#执行时间：2023/4/10 19:26:00
Exception: System.Data.SqlClient.SqlException
Message: 找不到存储过程 'WaterCalc_getOracleRTRUNInfo'。
Source: .Net SqlClient Data Provider
   在 cn.ctgu.webgis.Data.SQLUtils.ExecuteQuery(String datasource, String cmdString, DatabaseParameter[] cmdParams)
   在 cn.ctgu.webgis.Data.SQLUtils.ExecuteQuery(String datasource, String cmdString, Hashtable cmdParams)
   在 cn.ctgu.webgis.WaterCalc.ImportPIDataJob.getNariHydro(DateTime startTime, DateTime endTime, String stcdt, String tp) 位置 C:\software\SZProject\Component\WaterCalc\WaterCalcJob\ImportPIDataJob.cs:行号 201
   在 cn.ctgu.webgis.WaterCalc.ImportPIDataJob.Quartz.IJob.Execute(IJobExecutionContext context) 位置 C:\software\SZProject\Component\WaterCalc\WaterCalcJob\ImportPIDataJob.cs:行号 82

2023-04-10 19:31:00 [cn.ctgu.webgis.WaterCalc.ImportPIDataJob.Quartz.IJob.Execute(C:\software\SZProject\Component\WaterCalc\WaterCalcJob\ImportPIDataJob.cs:176)] ERROR ImportPIData [] <> - 在水位雨量数据导入中捕获到异常#执行时间：2023/4/10 19:31:00
Exception: System.Data.SqlClient.SqlException
Message: 找不到存储过程 'WaterCalc_getOracleRTRUNInfo'。
Source: .Net SqlClient Data Provider
   在 cn.ctgu.webgis.Data.SQLUtils.ExecuteQuery(String datasource, String cmdString, DatabaseParameter[] cmdParams)
   在 cn.ctgu.webgis.Data.SQLUtils.ExecuteQuery(String datasource, String cmdString, Hashtable cmdParams)
   在 cn.ctgu.webgis.WaterCalc.ImportPIDataJob.getNariHydro(DateTime startTime, DateTime endTime, String stcdt, String tp) 位置 C:\software\SZProject\Component\WaterCalc\WaterCalcJob\ImportPIDataJob.cs:行号 201
   在 cn.ctgu.webgis.WaterCalc.ImportPIDataJob.Quartz.IJob.Execute(IJobExecutionContext context) 位置 C:\software\SZProject\Component\WaterCalc\WaterCalcJob\ImportPIDataJob.cs:行号 82

2023-04-10 19:36:00 [cn.ctgu.webgis.WaterCalc.ImportPIDataJob.Quartz.IJob.Execute(C:\software\SZProject\Component\WaterCalc\WaterCalcJob\ImportPIDataJob.cs:176)] ERROR ImportPIData [] <> - 在水位雨量数据导入中捕获到异常#执行时间：2023/4/10 19:36:00
Exception: System.Data.SqlClient.SqlException
Message: 找不到存储过程 'WaterCalc_getOracleRTRUNInfo'。
Source: .Net SqlClient Data Provider
   在 cn.ctgu.webgis.Data.SQLUtils.ExecuteQuery(String datasource, String cmdString, DatabaseParameter[] cmdParams)
   在 cn.ctgu.webgis.Data.SQLUtils.ExecuteQuery(String datasource, String cmdString, Hashtable cmdParams)
   在 cn.ctgu.webgis.WaterCalc.ImportPIDataJob.getNariHydro(DateTime startTime, DateTime endTime, String stcdt, String tp) 位置 C:\software\SZProject\Component\WaterCalc\WaterCalcJob\ImportPIDataJob.cs:行号 201
   在 cn.ctgu.webgis.WaterCalc.ImportPIDataJob.Quartz.IJob.Execute(IJobExecutionContext context) 位置 C:\software\SZProject\Component\WaterCalc\WaterCalcJob\ImportPIDataJob.cs:行号 82

2023-04-10 19:41:00 [cn.ctgu.webgis.WaterCalc.ImportPIDataJob.Quartz.IJob.Execute(C:\software\SZProject\Component\WaterCalc\WaterCalcJob\ImportPIDataJob.cs:176)] ERROR ImportPIData [] <> - 在水位雨量数据导入中捕获到异常#执行时间：2023/4/10 19:41:00
Exception: System.Data.SqlClient.SqlException
Message: 找不到存储过程 'WaterCalc_getOracleRTRUNInfo'。
Source: .Net SqlClient Data Provider
   在 cn.ctgu.webgis.Data.SQLUtils.ExecuteQuery(String datasource, String cmdString, DatabaseParameter[] cmdParams)
   在 cn.ctgu.webgis.Data.SQLUtils.ExecuteQuery(String datasource, String cmdString, Hashtable cmdParams)
   在 cn.ctgu.webgis.WaterCalc.ImportPIDataJob.getNariHydro(DateTime startTime, DateTime endTime, String stcdt, String tp) 位置 C:\software\SZProject\Component\WaterCalc\WaterCalcJob\ImportPIDataJob.cs:行号 201
   在 cn.ctgu.webgis.WaterCalc.ImportPIDataJob.Quartz.IJob.Execute(IJobExecutionContext context) 位置 C:\software\SZProject\Component\WaterCalc\WaterCalcJob\ImportPIDataJob.cs:行号 82

2023-04-10 19:46:00 [cn.ctgu.webgis.WaterCalc.ImportPIDataJob.Quartz.IJob.Execute(C:\software\SZProject\Component\WaterCalc\WaterCalcJob\ImportPIDataJob.cs:176)] ERROR ImportPIData [] <> - 在水位雨量数据导入中捕获到异常#执行时间：2023/4/10 19:46:00
Exception: System.Data.SqlClient.SqlException
Message: 找不到存储过程 'WaterCalc_getOracleRTRUNInfo'。
Source: .Net SqlClient Data Provider
   在 cn.ctgu.webgis.Data.SQLUtils.ExecuteQuery(String datasource, String cmdString, DatabaseParameter[] cmdParams)
   在 cn.ctgu.webgis.Data.SQLUtils.ExecuteQuery(String datasource, String cmdString, Hashtable cmdParams)
   在 cn.ctgu.webgis.WaterCalc.ImportPIDataJob.getNariHydro(DateTime startTime, DateTime endTime, String stcdt, String tp) 位置 C:\software\SZProject\Component\WaterCalc\WaterCalcJob\ImportPIDataJob.cs:行号 201
   在 cn.ctgu.webgis.WaterCalc.ImportPIDataJob.Quartz.IJob.Execute(IJobExecutionContext context) 位置 C:\software\SZProject\Component\WaterCalc\WaterCalcJob\ImportPIDataJob.cs:行号 82

2023-04-10 19:51:00 [cn.ctgu.webgis.WaterCalc.ImportPIDataJob.Quartz.IJob.Execute(C:\software\SZProject\Component\WaterCalc\WaterCalcJob\ImportPIDataJob.cs:176)] ERROR ImportPIData [] <> - 在水位雨量数据导入中捕获到异常#执行时间：2023/4/10 19:51:00
Exception: System.Data.SqlClient.SqlException
Message: 找不到存储过程 'WaterCalc_getOracleRTRUNInfo'。
Source: .Net SqlClient Data Provider
   在 cn.ctgu.webgis.Data.SQLUtils.ExecuteQuery(String datasource, String cmdString, DatabaseParameter[] cmdParams)
   在 cn.ctgu.webgis.Data.SQLUtils.ExecuteQuery(String datasource, String cmdString, Hashtable cmdParams)
   在 cn.ctgu.webgis.WaterCalc.ImportPIDataJob.getNariHydro(DateTime startTime, DateTime endTime, String stcdt, String tp) 位置 C:\software\SZProject\Component\WaterCalc\WaterCalcJob\ImportPIDataJob.cs:行号 201
   在 cn.ctgu.webgis.WaterCalc.ImportPIDataJob.Quartz.IJob.Execute(IJobExecutionContext context) 位置 C:\software\SZProject\Component\WaterCalc\WaterCalcJob\ImportPIDataJob.cs:行号 82

2023-04-10 19:56:00 [cn.ctgu.webgis.WaterCalc.ImportPIDataJob.Quartz.IJob.Execute(C:\software\SZProject\Component\WaterCalc\WaterCalcJob\ImportPIDataJob.cs:176)] ERROR ImportPIData [] <> - 在水位雨量数据导入中捕获到异常#执行时间：2023/4/10 19:56:00
Exception: System.Data.SqlClient.SqlException
Message: 找不到存储过程 'WaterCalc_getOracleRTRUNInfo'。
Source: .Net SqlClient Data Provider
   在 cn.ctgu.webgis.Data.SQLUtils.ExecuteQuery(String datasource, String cmdString, DatabaseParameter[] cmdParams)
   在 cn.ctgu.webgis.Data.SQLUtils.ExecuteQuery(String datasource, String cmdString, Hashtable cmdParams)
   在 cn.ctgu.webgis.WaterCalc.ImportPIDataJob.getNariHydro(DateTime startTime, DateTime endTime, String stcdt, String tp) 位置 C:\software\SZProject\Component\WaterCalc\WaterCalcJob\ImportPIDataJob.cs:行号 201
   在 cn.ctgu.webgis.WaterCalc.ImportPIDataJob.Quartz.IJob.Execute(IJobExecutionContext context) 位置 C:\software\SZProject\Component\WaterCalc\WaterCalcJob\ImportPIDataJob.cs:行号 82

2023-04-10 20:01:00 [cn.ctgu.webgis.WaterCalc.ImportPIDataJob.Quartz.IJob.Execute(C:\software\SZProject\Component\WaterCalc\WaterCalcJob\ImportPIDataJob.cs:176)] ERROR ImportPIData [] <> - 在水位雨量数据导入中捕获到异常#执行时间：2023/4/10 20:01:00
Exception: System.Data.SqlClient.SqlException
Message: 找不到存储过程 'WaterCalc_getOracleRTRUNInfo'。
Source: .Net SqlClient Data Provider
   在 cn.ctgu.webgis.Data.SQLUtils.ExecuteQuery(String datasource, String cmdString, DatabaseParameter[] cmdParams)
   在 cn.ctgu.webgis.Data.SQLUtils.ExecuteQuery(String datasource, String cmdString, Hashtable cmdParams)
   在 cn.ctgu.webgis.WaterCalc.ImportPIDataJob.getNariHydro(DateTime startTime, DateTime endTime, String stcdt, String tp) 位置 C:\software\SZProject\Component\WaterCalc\WaterCalcJob\ImportPIDataJob.cs:行号 201
   在 cn.ctgu.webgis.WaterCalc.ImportPIDataJob.Quartz.IJob.Execute(IJobExecutionContext context) 位置 C:\software\SZProject\Component\WaterCalc\WaterCalcJob\ImportPIDataJob.cs:行号 82

2023-04-10 20:03:30 [cn.ctgu.webgis.WaterCalc.WaterCalcHourReportJob.Quartz.IJob.Execute(C:\software\SZProject\Component\WaterCalc\WaterCalcJob\WaterCalcHourReportJob.cs:87)] ERROR HourReport [] <> - 在水务小时计算数据导入中捕获到异常#执行时间：2023/4/10 20:03:30
Exception: System.Data.SqlClient.SqlException
Message: 违反了 PRIMARY KEY 约束“WaterCalc_HourDB_PK”。不能在对象“dbo.WaterCalc_HourDB”中插入重复键。重复键值为 (12021040, 04 10 2023  8:00PM)。
违反了 PRIMARY KEY 约束“WaterCalc_HourDB_PK”。不能在对象“dbo.WaterCalc_HourDB”中插入重复键。重复键值为 (12021050, 04 10 2023  8:00PM)。
违反了 PRIMARY KEY 约束“WaterCalc_HourDB_PK”。不能在对象“dbo.WaterCalc_HourDB”中插入重复键。重复键值为 (12021100, 04 10 2023  8:00PM)。
违反了 PRIMARY KEY 约束“WaterCalc_HourDB_PK”。不能在对象“dbo.WaterCalc_HourDB”中插入重复键。重复键值为 (12021110, 04 10 2023  8:00PM)。
违反了 PRIMARY KEY 约束“WaterCalc_HourDB_PK”。不能在对象“dbo.WaterCalc_HourDB”中插入重复键。重复键值为 (12021115, 04 10 2023  8:00PM)。
违反了 PRIMARY KEY 约束“WaterCalc_HourDB_PK”。不能在对象“dbo.WaterCalc_HourDB”中插入重复键。重复键值为 (12021120, 04 10 2023  8:00PM)。
违反了 PRIMARY KEY 约束“WaterCalc_HourDB_PK”。不能在对象“dbo.WaterCalc_HourDB”中插入重复键。重复键值为 (12021130, 04 10 2023  8:00PM)。
违反了 PRIMARY KEY 约束“WaterCalc_HourDB_PK”。不能在对象“dbo.WaterCalc_HourDB”中插入重复键。重复键值为 (12021140, 04 10 2023  8:00PM)。
违反了 PRIMARY KEY 约束“WaterCalc_HourDB_PK”。不能在对象“dbo.WaterCalc_HourDB”中插入重复键。重复键值为 (12021150, 04 10 2023  8:00PM)。
违反了 PRIMARY KEY 约束“WaterCalc_HourDB_PK”。不能在对象“dbo.WaterCalc_HourDB”中插入重复键。重复键值为 (12021260, 04 10 2023  8:00PM)。
Execution Timeout Expired.  The timeout period elapsed prior to completion of the operation or the server is not responding.
语句已终止。
语句已终止。
语句已终止。
语句已终止。
语句已终止。
语句已终止。
语句已终止。
语句已终止。
语句已终止。
语句已终止。
Source: .Net SqlClient Data Provider
   在 cn.ctgu.webgis.Data.SQLUtils.ExecuteNonQuery(String datasource, String cmdString, DatabaseParameter[] cmdParams)
   在 cn.ctgu.webgis.Data.SQLUtils.ExecuteNonQuery(String datasource, String cmdString, Hashtable cmdParams)
   在 cn.ctgu.webgis.WaterCalc.WaterCalcHourReportJob.insertHourDBData(DateTime startTime, DateTime endTime) 位置 C:\software\SZProject\Component\WaterCalc\WaterCalcJob\WaterCalcHourReportJob.cs:行号 99
   在 cn.ctgu.webgis.WaterCalc.WaterCalcHourReportJob.Quartz.IJob.Execute(IJobExecutionContext context) 位置 C:\software\SZProject\Component\WaterCalc\WaterCalcJob\WaterCalcHourReportJob.cs:行号 68

2023-04-10 20:06:00 [cn.ctgu.webgis.WaterCalc.ImportPIDataJob.Quartz.IJob.Execute(C:\software\SZProject\Component\WaterCalc\WaterCalcJob\ImportPIDataJob.cs:176)] ERROR ImportPIData [] <> - 在水位雨量数据导入中捕获到异常#执行时间：2023/4/10 20:06:00
Exception: System.Data.SqlClient.SqlException
Message: 找不到存储过程 'WaterCalc_getOracleRTRUNInfo'。
Source: .Net SqlClient Data Provider
   在 cn.ctgu.webgis.Data.SQLUtils.ExecuteQuery(String datasource, String cmdString, DatabaseParameter[] cmdParams)
   在 cn.ctgu.webgis.Data.SQLUtils.ExecuteQuery(String datasource, String cmdString, Hashtable cmdParams)
   在 cn.ctgu.webgis.WaterCalc.ImportPIDataJob.getNariHydro(DateTime startTime, DateTime endTime, String stcdt, String tp) 位置 C:\software\SZProject\Component\WaterCalc\WaterCalcJob\ImportPIDataJob.cs:行号 201
   在 cn.ctgu.webgis.WaterCalc.ImportPIDataJob.Quartz.IJob.Execute(IJobExecutionContext context) 位置 C:\software\SZProject\Component\WaterCalc\WaterCalcJob\ImportPIDataJob.cs:行号 82

